<?xml version="1.0" encoding="UTF-8"?>
<!-- Generated by org.testng.reporters.JUnitReportReporter -->
<testsuite skipped="0" hostname="DESKTOP-UD8IQ90" name="Jenkins.DemoJob.NewTest" tests="1" failures="0" timestamp="28 Dec 2021 10:05:54 GMT" time="0.019" errors="0">
  <testcase name="testngreport" time="0.019" classname="Jenkins.DemoJob.NewTest"/>
</testsuite> <!-- Jenkins.DemoJob.NewTest -->
